\BOOKMARK [1][-]{section.1}{\376\377\000は\000じ\000め\000に}{}% 1
\BOOKMARK [2][-]{subsection.1.1}{\376\377\000本\000書\000で\000扱\000う\000内\000容}{section.1}% 2
\BOOKMARK [2][-]{subsection.1.2}{\376\377\000本\000書\000の\000利\000用\000方\000法}{section.1}% 3
\BOOKMARK [2][-]{subsection.1.3}{\376\377\000対\000象\000読\000者}{section.1}% 4
\BOOKMARK [2][-]{subsection.1.4}{\376\377\000教\000材\000と\000し\000て\000の\000利\000用}{section.1}% 5
\BOOKMARK [2][-]{subsection.1.5}{\376\377\000謝\000辞}{section.1}% 6
\BOOKMARK [2][-]{subsection.1.6}{\376\377\000最\000後\000に}{section.1}% 7
\BOOKMARK [1][-]{section.2}{\376\377\000G\000i\000t\000H\000u\000b\000で\000の\000教\000材\000作\000成}{}% 8
\BOOKMARK [2][-]{subsection.2.1}{\376\377\000リ\000ポ\000ジ\000ト\000リ\000の\000作\000成}{section.2}% 9
\BOOKMARK [2][-]{subsection.2.2}{\376\377\000フ\000ァ\000イ\000ル\000構\000成}{section.2}% 10
\BOOKMARK [2][-]{subsection.2.3}{\376\377\000執\000筆}{section.2}% 11
\BOOKMARK [2][-]{subsection.2.4}{\376\377\000バ\000ー\000ジ\000ョ\000ン\000管\000理}{section.2}% 12
\BOOKMARK [1][-]{section.3}{\376\377\000G\000i\000t\000H\000u\000b\000\040\000P\000a\000g\000e\000s\000で\000の\000教\000材\000公\000開}{}% 13
\BOOKMARK [2][-]{subsection.3.1}{\376\377\000G\000i\000t\000H\000u\000b\000\040\000P\000a\000g\000e\000s\000と\000は}{section.3}% 14
\BOOKMARK [2][-]{subsection.3.2}{\376\377\000公\000開\000設\000定}{section.3}% 15
\BOOKMARK [2][-]{subsection.3.3}{\376\377\000教\000材\000の\000W\000e\000b\000サ\000イ\000ト\000化}{section.3}% 16
\BOOKMARK [2][-]{subsection.3.4}{\376\377\000公\000開\000U\000R\000L}{section.3}% 17
\BOOKMARK [1][-]{section.4}{\376\377\000G\000i\000t\000H\000u\000b\000\040\000I\000s\000s\000u\000e\000s\000を\000用\000い\000た\000教\000材\000改\000善}{}% 18
\BOOKMARK [2][-]{subsection.4.1}{\376\377\000G\000i\000t\000H\000u\000b\000\040\000I\000s\000s\000u\000e\000s\000と\000は}{section.4}% 19
\BOOKMARK [2][-]{subsection.4.2}{\376\377\000I\000s\000s\000u\000e\000の\000作\000成}{section.4}% 20
\BOOKMARK [2][-]{subsection.4.3}{\376\377\000I\000s\000s\000u\000e\000の\000管\000理}{section.4}% 21
\BOOKMARK [2][-]{subsection.4.4}{\376\377\000I\000s\000s\000u\000e\000の\000ク\000ロ\000ー\000ズ}{section.4}% 22
\BOOKMARK [2][-]{subsection.4.5}{\376\377\000P\000u\000l\000l\000\040\000R\000e\000q\000u\000e\000s\000t\000と\000の\000連\000携}{section.4}% 23
\BOOKMARK [1][-]{section.5}{\376\377\000結\000論}{}% 24
\BOOKMARK [1][-]{section.6}{\376\377\000導\000入\000手\000順}{}% 25
\BOOKMARK [2][-]{subsection.6.1}{\376\377\000環\000境\000構\000築}{section.6}% 26
\BOOKMARK [2][-]{subsection.6.2}{\376\377\000リ\000ポ\000ジ\000ト\000リ\000作\000成}{section.6}% 27
\BOOKMARK [2][-]{subsection.6.3}{\376\377\000フ\000ァ\000イ\000ル\000作\000成}{section.6}% 28
\BOOKMARK [2][-]{subsection.6.4}{\376\377\000執\000筆\000・\000公\000開}{section.6}% 29
\BOOKMARK [2][-]{subsection.6.5}{\376\377\000改\000善}{section.6}% 30
\BOOKMARK [1][-]{section.7}{\376\377\000導\000入\000手\000順}{}% 31
\BOOKMARK [2][-]{subsection.7.1}{\376\377\000環\000境\000構\000築}{section.7}% 32
\BOOKMARK [2][-]{subsection.7.2}{\376\377\000リ\000ポ\000ジ\000ト\000リ\000作\000成}{section.7}% 33
\BOOKMARK [2][-]{subsection.7.3}{\376\377\000フ\000ァ\000イ\000ル\000作\000成}{section.7}% 34
\BOOKMARK [2][-]{subsection.7.4}{\376\377\000執\000筆\000・\000公\000開}{section.7}% 35
\BOOKMARK [2][-]{subsection.7.5}{\376\377\000改\000善}{section.7}% 36
\BOOKMARK [1][-]{section.8}{\376\377\000結\000論\000と\000今\000後\000の\000展\000望}{}% 37
\BOOKMARK [1][-]{section.9}{\376\377\000謝\000辞}{}% 38
